Using pre-set license
Built from '2022.3/china_unity/release' branch; Version is '2022.3.6f1c1 (98938d5f2963) revision 9999245'; Using compiler version '192829333'; Build Type 'Release'
OS: 'Windows 11  (10.0.22631) 64bit CoreCountrySpecific' Language: 'zh' Physical Memory: 16176 MB
BatchMode: 1, IsHumanControllingUs: 0, StartBugReporterOnCrash: 0, Is64bit: 1, IsPro: 1

COMMAND LINE ARGUMENTS:
D:\download diy\unity save\2022.3.6f1c1\Editor\Unity.exe
-adb2
-batchMode
-noUpm
-name
AssetImportWorker0
-projectPath
D:/download diy/工作学习/学习/训练营/美术营/RealityArtCamp/RealityArtCamp
-logFile
Logs/AssetImportWorker0.log
-srvPort
60267
Successfully changed project path to: D:/download diy/工作学习/学习/训练营/美术营/RealityArtCamp/RealityArtCamp
D:/download diy/工作学习/学习/训练营/美术营/RealityArtCamp/RealityArtCamp
[UnityMemory] Configuration Parameters - Can be set up in boot.config
    "memorysetup-bucket-allocator-granularity=16"
    "memorysetup-bucket-allocator-bucket-count=8"
    "memorysetup-bucket-allocator-block-size=33554432"
    "memorysetup-bucket-allocator-block-count=8"
    "memorysetup-main-allocator-block-size=16777216"
    "memorysetup-thread-allocator-block-size=16777216"
    "memorysetup-gfx-main-allocator-block-size=16777216"
    "memorysetup-gfx-thread-allocator-block-size=16777216"
    "memorysetup-cache-allocator-block-size=4194304"
    "memorysetup-typetree-allocator-block-size=2097152"
    "memorysetup-profiler-bucket-allocator-granularity=16"
    "memorysetup-profiler-bucket-allocator-bucket-count=8"
    "memorysetup-profiler-bucket-allocator-block-size=33554432"
    "memorysetup-profiler-bucket-allocator-block-count=8"
    "memorysetup-profiler-allocator-block-size=16777216"
    "memorysetup-profiler-editor-allocator-block-size=1048576"
    "memorysetup-temp-allocator-size-main=16777216"
    "memorysetup-job-temp-allocator-block-size=2097152"
    "memorysetup-job-temp-allocator-block-size-background=1048576"
    "memorysetup-job-temp-allocator-reduction-small-platforms=262144"
    "memorysetup-allocator-temp-initial-block-size-main=262144"
    "memorysetup-allocator-temp-initial-block-size-worker=262144"
    "memorysetup-temp-allocator-size-background-worker=32768"
    "memorysetup-temp-allocator-size-job-worker=262144"
    "memorysetup-temp-allocator-size-preload-manager=33554432"
    "memorysetup-temp-allocator-size-nav-mesh-worker=65536"
    "memorysetup-temp-allocator-size-audio-worker=65536"
    "memorysetup-temp-allocator-size-cloud-worker=32768"
    "memorysetup-temp-allocator-size-gi-baking-worker=262144"
    "memorysetup-temp-allocator-size-gfx=262144"
Player connection [31080] Host "[IP] 169.254.45.111 [Port] 0 [Flags] 2 [Guid] 3846581391 [EditorId] 3846581391 [Version] 1048832 [Id] WindowsEditor(7,LAPTOP-SPVJD045) [Debug] 1 [PackageName] WindowsEditor [ProjectName] Editor" joined multi-casting on [225.0.0.222:54997]...

Player connection [31080] Host "[IP] 169.254.45.111 [Port] 0 [Flags] 2 [Guid] 3846581391 [EditorId] 3846581391 [Version] 1048832 [Id] WindowsEditor(7,LAPTOP-SPVJD045) [Debug] 1 [PackageName] WindowsEditor [ProjectName] Editor" joined alternative multi-casting on [225.0.0.222:34997]...

Refreshing native plugins compatible for Editor in 57.17 ms, found 4 plugins.
Preloading 0 native plugins for Editor in 0.00 ms.
Initialize engine version: 2022.3.6f1c1 (98938d5f2963)
[Subsystems] Discovering subsystems at path D:/download diy/unity save/2022.3.6f1c1/Editor/Data/Resources/UnitySubsystems
[Subsystems] Discovering subsystems at path D:/download diy/工作学习/学习/训练营/美术营/RealityArtCamp/RealityArtCamp/Assets
GfxDevice: creating device client; threaded=0; jobified=0
Direct3D:
    Version:  Direct3D 11.0 [level 11.1]
    Renderer: NVIDIA GeForce RTX 4050 Laptop GPU (ID=0x28e1)
    Vendor:   NVIDIA
    VRAM:     5921 MB
    Driver:   32.0.15.6590
Initialize mono
Mono path[0] = 'D:/download diy/unity save/2022.3.6f1c1/Editor/Data/Managed'
Mono path[1] = 'D:/download diy/unity save/2022.3.6f1c1/Editor/Data/MonoBleedingEdge/lib/mono/unityjit-win32'
Mono config path = 'D:/download diy/unity save/2022.3.6f1c1/Editor/Data/MonoBleedingEdge/etc'
Using monoOptions --debugger-agent=transport=dt_socket,embedding=1,server=y,suspend=n,address=127.0.0.1:56012
Begin MonoManager ReloadAssembly
Registering precompiled unity dll's ...
Register platform support module: D:/download diy/unity save/2022.3.6f1c1/Editor/Data/PlaybackEngines/WindowsStandaloneSupport/UnityEditor.WindowsStandalone.Extensions.dll
Registered in 0.015094 seconds.
- Loaded All Assemblies, in  0.357 seconds
Native extension for WindowsStandalone target not found
Mono: successfully reloaded assembly
- Finished resetting the current domain, in  0.192 seconds
Domain Reload Profiling: 542ms
	BeginReloadAssembly (113ms)
		ExecutionOrderSort (0ms)
		DisableScriptedObjects (0ms)
		BackupInstance (0ms)
		ReleaseScriptingObjects (0ms)
		CreateAndSetChildDomain (1ms)
	RebuildCommonClasses (30ms)
	RebuildNativeTypeToScriptingClass (8ms)
	initialDomainReloadingComplete (70ms)
	LoadAllAssembliesAndSetupDomain (129ms)
		LoadAssemblies (102ms)
		RebuildTransferFunctionScriptingTraits (0ms)
		AnalyzeDomain (110ms)
			TypeCache.Refresh (109ms)
				TypeCache.ScanAssembly (98ms)
			ScanForSourceGeneratedMonoScriptInfo (0ms)
			ResolveRequiredComponents (0ms)
	FinalizeReload (192ms)
		ReleaseScriptCaches (0ms)
		RebuildScriptCaches (0ms)
		SetupLoadedEditorAssemblies (149ms)
			LogAssemblyErrors (0ms)
			InitializePlatformSupportModulesInManaged (6ms)
			SetLoadedEditorAssemblies (6ms)
			RefreshPlugins (0ms)
			BeforeProcessingInitializeOnLoad (1ms)
			ProcessInitializeOnLoadAttributes (99ms)
			ProcessInitializeOnLoadMethodAttributes (37ms)
			AfterProcessingInitializeOnLoad (0ms)
			EditorAssembliesLoaded (0ms)
		ExecutionOrderSort2 (0ms)
		AwakeInstancesAfterBackupRestoration (0ms)
========================================================================
Worker process is ready to serve import requests
Begin MonoManager ReloadAssembly
Symbol file LoadedFromMemory doesn't match image D:\download diy\工作学习\学习\训练营\美术营\RealityArtCamp\RealityArtCamp\Library\PackageCache\com.unity.visualscripting@1.8.0\Editor\VisualScripting.Core\Dependencies\YamlDotNet\Unity.VisualScripting.YamlDotNet.dll
Symbol file LoadedFromMemory doesn't match image D:\download diy\工作学习\学习\训练营\美术营\RealityArtCamp\RealityArtCamp\Library\PackageCache\com.unity.visualscripting@1.8.0\Editor\VisualScripting.Core\Dependencies\DotNetZip\Unity.VisualScripting.IonicZip.dll
- Loaded All Assemblies, in  0.882 seconds
Refreshing native plugins compatible for Editor in 15.92 ms, found 4 plugins.
Native extension for WindowsStandalone target not found
Package Manager log level set to [2]
[Package Manager] Server::EnsureServerProcessIsRunning -- launch failed, reason: Unity was launched with the -noUpm command-line argument
[Package Manager] UpmClient::Send -- Unable to send message (not connected to UPM process).
[Package Manager] Cannot connect to Unity Package Manager local server
Mono: successfully reloaded assembly
- Finished resetting the current domain, in  0.881 seconds
Domain Reload Profiling: 1739ms
	BeginReloadAssembly (161ms)
		ExecutionOrderSort (0ms)
		DisableScriptedObjects (3ms)
		BackupInstance (0ms)
		ReleaseScriptingObjects (0ms)
		CreateAndSetChildDomain (15ms)
	RebuildCommonClasses (31ms)
	RebuildNativeTypeToScriptingClass (8ms)
	initialDomainReloadingComplete (59ms)
	LoadAllAssembliesAndSetupDomain (598ms)
		LoadAssemblies (407ms)
		RebuildTransferFunctionScriptingTraits (0ms)
		AnalyzeDomain (257ms)
			TypeCache.Refresh (237ms)
				TypeCache.ScanAssembly (226ms)
			ScanForSourceGeneratedMonoScriptInfo (17ms)
			ResolveRequiredComponents (3ms)
	FinalizeReload (881ms)
		ReleaseScriptCaches (0ms)
		RebuildScriptCaches (0ms)
		SetupLoadedEditorAssemblies (743ms)
			LogAssemblyErrors (0ms)
			InitializePlatformSupportModulesInManaged (5ms)
			SetLoadedEditorAssemblies (3ms)
			RefreshPlugins (0ms)
			BeforeProcessingInitializeOnLoad (76ms)
			ProcessInitializeOnLoadAttributes (605ms)
			ProcessInitializeOnLoadMethodAttributes (31ms)
			AfterProcessingInitializeOnLoad (23ms)
			EditorAssembliesLoaded (0ms)
		ExecutionOrderSort2 (0ms)
		AwakeInstancesAfterBackupRestoration (11ms)
Launched and connected shader compiler UnityShaderCompiler.exe after 0.07 seconds
Refreshing native plugins compatible for Editor in 28.27 ms, found 4 plugins.
Preloading 0 native plugins for Editor in 0.00 ms.
Unloading 4014 Unused Serialized files (Serialized files now loaded: 0)
Unloading 63 unused Assets / (60.4 KB). Loaded Objects now: 4477.
Memory consumption went from 140.1 MB to 140.0 MB.
Total: 4.611500 ms (FindLiveObjects: 0.368500 ms CreateObjectMapping: 0.145300 ms MarkObjects: 3.982300 ms  DeleteObjects: 0.114200 ms)

AssetImportParameters requested are different than current active one (requested -> active):
  custom:container-demuxer-ogg: 62fdf1f143b41e24485cea50d1cbac27 -> 
  custom:video-codec-MediaFoundation-h265: 746d11721c4dcdbdad8f713fa42b33f4 -> 
  custom:video-decoder-ogg-theora: a1e56fd34408186e4bbccfd4996cb3dc -> 
  custom:framework-win-MediaFoundation: 216162199b28c13a410421893ffa2e32 -> 
  custom:CustomObjectIndexerAttribute: 756ad292c208cfabdd7b50bc23989ffe -> 
  custom:container-demuxer-webm: 4f35f7cbe854078d1ac9338744f61a02 -> 
  custom:container-muxer-webm: aa71ff27fc2769a1b78a27578f13a17b -> 
  custom:video-decoder-webm-vp8: 9c59270c3fd7afecdb556c50c9e8de78 -> 
  custom:SearchIndexIgnoredProperties: e643bd26f0fe6173181afceb89e7c659 -> 
  custom:AudioImporter_EditorPlatform: d09bf68614088b80899f8185d706f6e7 -> 
  custom:video-encoder-webm-vp8: eb34c28f22e8b96e1ab97ce403110664 -> 
  custom:audio-decoder-ogg-vorbis: bf7c407c2cedff20999df2af8eb42d56 -> 
  custom:audio-encoder-webm-vorbis: bf7c407c2cedff20999df2af8eb42d56 -> 
========================================================================
Received Import Request.
  Time since last request: 7895.148778 seconds.
  path: Assets/Scenes/SampleScene.unity
  artifactKey: Guid(2cda990e2423bbf4892e6590ba056729) Importer(815301076,1909f56bfc062723c751e8b465ee728b)
Start importing Assets/Scenes/SampleScene.unity using Guid(2cda990e2423bbf4892e6590ba056729) Importer(815301076,1909f56bfc062723c751e8b465ee728b)  -> (artifact id: '1a7820d75a57b3f9b8d678e796b10b7d') in 0.002316 seconds
Number of updated asset objects reloaded before import = 0
Number of asset objects unloaded after import = 0
========================================================================
Received Import Request.
  Time since last request: 14.299264 seconds.
  path: Assets/Animation/Player.controller
  artifactKey: Guid(c86f259555632a7479cee266b29d1f2c) Importer(815301076,1909f56bfc062723c751e8b465ee728b)
Start importing Assets/Animation/Player.controller using Guid(c86f259555632a7479cee266b29d1f2c) Importer(815301076,1909f56bfc062723c751e8b465ee728b)  -> (artifact id: 'c9a8ea7f722be7bb8ec498653badde82') in 0.012098 seconds
Number of updated asset objects reloaded before import = 0
Number of asset objects unloaded after import = 4
========================================================================
Received Import Request.
  Time since last request: 0.854349 seconds.
  path: Assets/Animation/idle.anim
  artifactKey: Guid(f0e08a4b2336f3f4782d067cf60f9c01) Importer(815301076,1909f56bfc062723c751e8b465ee728b)
Start importing Assets/Animation/idle.anim using Guid(f0e08a4b2336f3f4782d067cf60f9c01) Importer(815301076,1909f56bfc062723c751e8b465ee728b)  -> (artifact id: 'dc93b2fde9847e816fce63ab5d809628') in 0.004536 seconds
Number of updated asset objects reloaded before import = 0
Number of asset objects unloaded after import = 1
========================================================================
Received Import Request.
  Time since last request: 172.225477 seconds.
  path: Assets/Animation
  artifactKey: Guid(b01938120ae169142be867d008a5b1a6) Importer(815301076,1909f56bfc062723c751e8b465ee728b)
Start importing Assets/Animation using Guid(b01938120ae169142be867d008a5b1a6) Importer(815301076,1909f56bfc062723c751e8b465ee728b)  -> (artifact id: '30e39a6e36373e6ef793ecb7ed9f81c4') in 0.000753 seconds
Number of updated asset objects reloaded before import = 0
Number of asset objects unloaded after import = 0
========================================================================
Received Import Request.
  Time since last request: 67.996196 seconds.
  path: Assets/New Folder/Left LimbSolver2D.prefab
  artifactKey: Guid(eaa4eccd2e570834dba2b758fbf312f4) Importer(815301076,1909f56bfc062723c751e8b465ee728b)
Start importing Assets/New Folder/Left LimbSolver2D.prefab using Guid(eaa4eccd2e570834dba2b758fbf312f4) Importer(815301076,1909f56bfc062723c751e8b465ee728b)  -> (artifact id: '0d5360ce848101b4538cf23d3b341450') in 0.020929 seconds
Number of updated asset objects reloaded before import = 0
Number of asset objects unloaded after import = 7
========================================================================
Received Import Request.
  Time since last request: 0.618182 seconds.
  path: Assets/New Folder/L.arm LimbSolver2D.prefab
  artifactKey: Guid(93e0e5c2e9452064c8ed513db3423671) Importer(815301076,1909f56bfc062723c751e8b465ee728b)
Start importing Assets/New Folder/L.arm LimbSolver2D.prefab using Guid(93e0e5c2e9452064c8ed513db3423671) Importer(815301076,1909f56bfc062723c751e8b465ee728b)  -> (artifact id: 'a794a1212faa1e1e1b2dac22a296f692') in 0.002857 seconds
Number of updated asset objects reloaded before import = 0
Number of asset objects unloaded after import = 7
========================================================================
Received Import Request.
  Time since last request: 1.557036 seconds.
  path: Assets/New Folder/R.arm LimbSolver2D.prefab
  artifactKey: Guid(cd93b083528cc404997b3fec537f6c71) Importer(815301076,1909f56bfc062723c751e8b465ee728b)
Start importing Assets/New Folder/R.arm LimbSolver2D.prefab using Guid(cd93b083528cc404997b3fec537f6c71) Importer(815301076,1909f56bfc062723c751e8b465ee728b)  -> (artifact id: '227f6cfafa7b842336c50e21906e62e9') in 0.004895 seconds
Number of updated asset objects reloaded before import = 0
Number of asset objects unloaded after import = 7
========================================================================
Received Import Request.
  Time since last request: 93.324138 seconds.
  path: Assets/New Folder 1/L.arm.GameObject.prefab
  artifactKey: Guid(3eb71ac88e5b7e248b1bc061dd74c0ff) Importer(815301076,1909f56bfc062723c751e8b465ee728b)
Start importing Assets/New Folder 1/L.arm.GameObject.prefab using Guid(3eb71ac88e5b7e248b1bc061dd74c0ff) Importer(815301076,1909f56bfc062723c751e8b465ee728b)  -> (artifact id: '58719359731647fe29c5959aeabbed27') in 0.002486 seconds
Number of updated asset objects reloaded before import = 0
Number of asset objects unloaded after import = 4
========================================================================
Received Import Request.
  Time since last request: 54.619440 seconds.
  path: Assets/New Folder 1/R.arm.GameObject.prefab
  artifactKey: Guid(cec9c51a4a821d648b039a745620c92b) Importer(815301076,1909f56bfc062723c751e8b465ee728b)
Start importing Assets/New Folder 1/R.arm.GameObject.prefab using Guid(cec9c51a4a821d648b039a745620c92b) Importer(815301076,1909f56bfc062723c751e8b465ee728b)  -> (artifact id: 'd05b0f0e0cbe21a7e47d7521aae17f64') in 0.002581 seconds
Number of updated asset objects reloaded before import = 0
Number of asset objects unloaded after import = 4
========================================================================
Received Import Request.
  Time since last request: 13.281205 seconds.
  path: Assets/New Folder 1/R.leg.GameObject.prefab
  artifactKey: Guid(6632bfacba452054085d27a22ba70c7d) Importer(815301076,1909f56bfc062723c751e8b465ee728b)
Start importing Assets/New Folder 1/R.leg.GameObject.prefab using Guid(6632bfacba452054085d27a22ba70c7d) Importer(815301076,1909f56bfc062723c751e8b465ee728b)  -> (artifact id: 'b3acc0c1e93c4347f3666c0b451a37d7') in 0.002175 seconds
Number of updated asset objects reloaded before import = 0
Number of asset objects unloaded after import = 4
========================================================================
Received Import Request.
  Time since last request: 14.761297 seconds.
  path: Assets/New Folder 1/L.leg.GameObject.prefab
  artifactKey: Guid(cea5467eafadb7f45b8904a01ad10287) Importer(815301076,1909f56bfc062723c751e8b465ee728b)
Start importing Assets/New Folder 1/L.leg.GameObject.prefab using Guid(cea5467eafadb7f45b8904a01ad10287) Importer(815301076,1909f56bfc062723c751e8b465ee728b)  -> (artifact id: '9b2382be4abf63c9281e17a9c3cac6e5') in 0.002125 seconds
Number of updated asset objects reloaded before import = 0
Number of asset objects unloaded after import = 4
========================================================================
Received Import Request.
  Time since last request: 362.600674 seconds.
  path: Assets/New Folder/Right LimbSolver2D.prefab
  artifactKey: Guid(d54acf14c98a1cb4db6c7148bccda8be) Importer(815301076,1909f56bfc062723c751e8b465ee728b)
Start importing Assets/New Folder/Right LimbSolver2D.prefab using Guid(d54acf14c98a1cb4db6c7148bccda8be) Importer(815301076,1909f56bfc062723c751e8b465ee728b)  -> (artifact id: 'd86623687d5295470873eef9ec07137f') in 0.003731 seconds
Number of updated asset objects reloaded before import = 0
Number of asset objects unloaded after import = 7
========================================================================
Received Import Request.
  Time since last request: 10.699706 seconds.
  path: Assets/New Folder 1
  artifactKey: Guid(342fc7698c0ffed46b80621371c13b96) Importer(815301076,1909f56bfc062723c751e8b465ee728b)
Start importing Assets/New Folder 1 using Guid(342fc7698c0ffed46b80621371c13b96) Importer(815301076,1909f56bfc062723c751e8b465ee728b)  -> (artifact id: 'dc5c6affa380a98a23fa5afbde33fc9d') in 0.000490 seconds
Number of updated asset objects reloaded before import = 0
Number of asset objects unloaded after import = 0
